Unity Editor version:    2022.3.53f1 (df4e529d20d3)
Branch:                  2022.3/staging
Build type:              Release
Batch mode:              YES
System name:             Linux
Distro version:          #49-Ubuntu SMP PREEMPT_DYNAMIC Mon Nov  4 02:06:24 UTC 2024
Kernel version:          6.8.0-49-generic
Architecture:            x86_64
Available memory:        7765 MB
Using pre-set license
Pro License: YES

(Unity:24297): Gtk-CRITICAL **: 10:46:02.322: gtk_window_set_default_icon: assertion 'GDK_IS_PIXBUF (icon)' failed

(Unity:24297): GLib-GObject-CRITICAL **: 10:46:02.322: g_object_unref: assertion 'G_IS_OBJECT (object)' failed
Desktop is 1920 x 1080 @ 60 Hz
Initialize udev device monitor.

COMMAND LINE ARGUMENTS:
Unity
-adb2
-batchMode
-noUpm
-name
AssetImportWorker1
-projectPath
/home/hallzero/remi-solutions
-logFile
Logs/AssetImportWorker1.log
-srvPort
44927
Successfully changed project path to: /home/hallzero/remi-solutions
/home/hallzero/remi-solutions
[UnityMemory] Configuration Parameters - Can be set up in boot.config
    "memorysetup-bucket-allocator-granularity=16"
    "memorysetup-bucket-allocator-bucket-count=8"
    "memorysetup-bucket-allocator-block-size=33554432"
    "memorysetup-bucket-allocator-block-count=8"
    "memorysetup-main-allocator-block-size=16777216"
    "memorysetup-thread-allocator-block-size=16777216"
    "memorysetup-gfx-main-allocator-block-size=16777216"
    "memorysetup-gfx-thread-allocator-block-size=16777216"
    "memorysetup-cache-allocator-block-size=4194304"
    "memorysetup-typetree-allocator-block-size=2097152"
    "memorysetup-profiler-bucket-allocator-granularity=16"
    "memorysetup-profiler-bucket-allocator-bucket-count=8"
    "memorysetup-profiler-bucket-allocator-block-size=33554432"
    "memorysetup-profiler-bucket-allocator-block-count=8"
    "memorysetup-profiler-allocator-block-size=16777216"
    "memorysetup-profiler-editor-allocator-block-size=1048576"
    "memorysetup-temp-allocator-size-main=16777216"
    "memorysetup-job-temp-allocator-block-size=2097152"
    "memorysetup-job-temp-allocator-block-size-background=1048576"
    "memorysetup-job-temp-allocator-reduction-small-platforms=262144"
    "memorysetup-allocator-temp-initial-block-size-main=262144"
    "memorysetup-allocator-temp-initial-block-size-worker=262144"
    "memorysetup-temp-allocator-size-background-worker=32768"
    "memorysetup-temp-allocator-size-job-worker=262144"
    "memorysetup-temp-allocator-size-preload-manager=33554432"
    "memorysetup-temp-allocator-size-nav-mesh-worker=65536"
    "memorysetup-temp-allocator-size-audio-worker=65536"
    "memorysetup-temp-allocator-size-cloud-worker=32768"
    "memorysetup-temp-allocator-size-gi-baking-worker=262144"
    "memorysetup-temp-allocator-size-gfx=262144"
Player connection [129381619487744]  Target information:

Player connection [129381619487744]  * "[IP] 10.128.0.223 [Port] 0 [Flags] 2 [Guid] 3830490941 [EditorId] 3830490941 [Version] 1048832 [Id] LinuxEditor(16,10.128.0.223) [Debug] 1 [PackageName] LinuxEditor [ProjectName] Editor" 

Player connection [129381619487744]  * "[IP] 172.17.0.1 [Port] 0 [Flags] 2 [Guid] 3830490941 [EditorId] 3830490941 [Version] 1048832 [Id] LinuxEditor(16,10.128.0.223) [Debug] 1 [PackageName] LinuxEditor [ProjectName] Editor" 

Player connection [129381619487744] Host joined multi-casting on [225.0.0.222:54997]...
Player connection [129381619487744] Host joined alternative multi-casting on [225.0.0.222:34997]...
[PhysX] Initialized MultithreadedTaskDispatcher with 8 workers.
Refreshing native plugins compatible for Editor in 30.91 ms, found 1 plugins.
Preloading 0 native plugins for Editor in 0.00 ms.
Initialize engine version: 2022.3.53f1 (df4e529d20d3)
[Subsystems] Discovering subsystems at path /home/hallzero/Unity/Hub/Editor/2022.3.53f1/Editor/Data/Resources/UnitySubsystems
[Subsystems] Discovering subsystems at path /home/hallzero/remi-solutions/Assets
GLX Extensions: GLX_ARB_context_flush_control GLX_ARB_create_context GLX_ARB_create_context_no_error GLX_ARB_create_context_profile GLX_ARB_create_context_robustness GLX_ARB_fbconfig_float GLX_ARB_framebuffer_sRGB GLX_ARB_get_proc_address GLX_ARB_multisample GLX_EXT_buffer_age GLX_EXT_create_context_es2_profile GLX_EXT_create_context_es_profile GLX_EXT_fbconfig_packed_float GLX_EXT_framebuffer_sRGB GLX_EXT_no_config_context GLX_EXT_swap_control GLX_EXT_swap_control_tear GLX_EXT_texture_from_pixmap GLX_EXT_visual_info GLX_EXT_visual_rating GLX_INTEL_swap_event GLX_MESA_copy_sub_buffer GLX_MESA_gl_interop GLX_MESA_query_renderer GLX_MESA_swap_control GLX_OML_sync_control GLX_SGIS_multisample GLX_SGIX_fbconfig GLX_SGIX_pbuffer GLX_SGIX_visual_select_group GLX_SGI_make_current_read GLX_SGI_swap_control GLX_SGI_video_sync 
Renderer: Mesa Intel(R) UHD Graphics 630 (CFL GT2)
Vendor:   Intel
Version:  4.6 (Core Profile) Mesa 24.0.9-0ubuntu0.2
GLES:     0
 GL_3DFX_texture_compression_FXT1 GL_AMD_conservative_depth GL_AMD_depth_clamp_separate GL_AMD_draw_buffers_blend GL_AMD_gpu_shader_int64 GL_AMD_multi_draw_indirect GL_AMD_performance_monitor GL_AMD_pinned_memory GL_AMD_query_buffer_object GL_AMD_seamless_cubemap_per_texture GL_AMD_shader_stencil_export GL_AMD_shader_trinary_minmax GL_AMD_texture_texture4 GL_AMD_vertex_shader_layer GL_AMD_vertex_shader_viewport_index GL_ANGLE_texture_compression_dxt3 GL_ANGLE_texture_compression_dxt5 GL_ARB_ES2_compatibility GL_ARB_ES3_1_compatibility GL_ARB_ES3_2_compatibility GL_ARB_ES3_compatibility GL_ARB_arrays_of_arrays GL_ARB_base_instance GL_ARB_blend_func_extended GL_ARB_buffer_storage GL_ARB_clear_buffer_object GL_ARB_clear_texture GL_ARB_clip_control GL_ARB_compressed_texture_pixel_storage GL_ARB_compute_shader GL_ARB_compute_variable_group_size GL_ARB_conditional_render_inverted GL_ARB_conservative_depth GL_ARB_copy_buffer GL_ARB_copy_image GL_ARB_cull_distance GL_ARB_debug_output GL_ARB_depth_buffer_float GL_ARB
_depth_clamp GL_ARB_derivative_control GL_ARB_direct_state_access GL_ARB_draw_buffers GL_ARB_draw_buffers_blend GL_ARB_draw_elements_base_vertex GL_ARB_draw_indirect GL_ARB_draw_instanced GL_ARB_enhanced_layouts GL_ARB_explicit_attrib_location GL_ARB_explicit_uniform_location GL_ARB_fragment_coord_conventions GL_ARB_fragment_layer_viewport GL_ARB_fragment_shader GL_ARB_fragment_shader_interlock GL_ARB_framebuffer_no_attachments GL_ARB_framebuffer_object GL_ARB_framebuffer_sRGB GL_ARB_get_program_binary GL_ARB_get_texture_sub_image GL_ARB_gl_spirv GL_ARB_gpu_shader5 GL_ARB_gpu_shader_fp64 GL_ARB_gpu_shader_int64 GL_ARB_half_float_pixel GL_ARB_half_float_vertex GL_ARB_indirect_parameters GL_ARB_instanced_arrays GL_ARB_internalformat_query GL_ARB_internalformat_query2 GL_ARB_invalidate_subdata GL_ARB_map_buffer_alignment GL_ARB_map_buffer_range GL_ARB_multi_bind GL_ARB_multi_draw_indirect GL_ARB_occlusion_query2 GL_ARB_parallel_shader_compile GL_ARB_pipeline_statistics_query GL_ARB_pixel_buffer_object GL_ARB_po
int_sprite GL_ARB_polygon_offset_clamp GL_ARB_post_depth_coverage GL_ARB_program_interface_query GL_ARB_provoking_vertex GL_ARB_query_buffer_object GL_ARB_robust_buffer_access_behavior GL_ARB_robustness GL_ARB_sample_shading GL_ARB_sampler_objects GL_ARB_seamless_cube_map GL_ARB_seamless_cubemap_per_texture GL_ARB_separate_shader_objects GL_ARB_shader_atomic_counter_ops GL_ARB_shader_atomic_counters GL_ARB_shader_ballot GL_ARB_shader_bit_encoding GL_ARB_shader_clock GL_ARB_shader_draw_parameters GL_ARB_shader_group_vote GL_ARB_shader_image_load_store GL_ARB_shader_image_size GL_ARB_shader_objects GL_ARB_shader_precision GL_ARB_shader_stencil_export GL_ARB_shader_storage_buffer_object GL_ARB_shader_subroutine GL_ARB_shader_texture_image_samples GL_ARB_shader_texture_lod GL_ARB_shader_viewport_layer_array GL_ARB_shading_language_420pack GL_ARB_shading_language_include GL_ARB_shading_language_packing GL_ARB_spirv_extensions GL_ARB_stencil_texturing GL_ARB_sync GL_ARB_tessellation_shader GL_ARB_texture_barrier G
L_ARB_texture_border_clamp GL_ARB_texture_buffer_object GL_ARB_texture_buffer_object_rgb32 GL_ARB_texture_buffer_range GL_ARB_texture_compression_bptc GL_ARB_texture_compression_rgtc GL_ARB_texture_cube_map_array GL_ARB_texture_filter_anisotropic GL_ARB_texture_float GL_ARB_texture_gather GL_ARB_texture_mirror_clamp_to_edge GL_ARB_texture_multisample GL_ARB_texture_non_power_of_two GL_ARB_texture_query_levels GL_ARB_texture_query_lod GL_ARB_texture_rectangle GL_ARB_texture_rg GL_ARB_texture_rgb10_a2ui GL_ARB_texture_stencil8 GL_ARB_texture_storage GL_ARB_texture_storage_multisample GL_ARB_texture_swizzle GL_ARB_texture_view GL_ARB_timer_query GL_ARB_transform_feedback2 GL_ARB_transform_feedback3 GL_ARB_transform_feedback_instanced GL_ARB_transform_feedback_overflow_query GL_ARB_uniform_buffer_object GL_ARB_vertex_array_bgra GL_ARB_vertex_array_object GL_ARB_vertex_attrib_64bit GL_ARB_vertex_attrib_binding GL_ARB_vertex_buffer_object GL_ARB_vertex_shader GL_ARB_vertex_type_10f_11f_11f_rev GL_ARB_vertex_type_2
_10_10_10_rev GL_ARB_viewport_array GL_ATI_blend_equation_separate GL_ATI_texture_float GL_EXT_EGL_image_storage GL_EXT_EGL_sync GL_EXT_abgr GL_EXT_blend_equation_separate GL_EXT_debug_label GL_EXT_demote_to_helper_invocation GL_EXT_draw_buffers2 GL_EXT_draw_instanced GL_EXT_framebuffer_blit GL_EXT_framebuffer_multisample GL_EXT_framebuffer_multisample_blit_scaled GL_EXT_framebuffer_object GL_EXT_framebuffer_sRGB GL_EXT_memory_object GL_EXT_memory_object_fd GL_EXT_packed_depth_stencil GL_EXT_packed_float GL_EXT_pixel_buffer_object GL_EXT_polygon_offset_clamp GL_EXT_provoking_vertex GL_EXT_semaphore GL_EXT_semaphore_fd GL_EXT_shader_framebuffer_fetch GL_EXT_shader_framebuffer_fetch_non_coherent GL_EXT_shader_integer_mix GL_EXT_shader_samples_identical GL_EXT_texture_array GL_EXT_texture_compression_dxt1 GL_EXT_texture_compression_rgtc GL_EXT_texture_compression_s3tc GL_EXT_texture_filter_anisotropic GL_EXT_texture_integer GL_EXT_texture_sRGB GL_EXT_texture_sRGB_R8 GL_EXT_texture_sRGB_decode GL_EXT_texture_sha
dow_lod GL_EXT_texture_shared_exponent GL_EXT_texture_snorm GL_EXT_texture_swizzle GL_EXT_timer_query GL_EXT_transform_feedback GL_EXT_vertex_array_bgra GL_EXT_vertex_attrib_64bit GL_IBM_multimode_draw_arrays GL_INTEL_blackhole_render GL_INTEL_conservative_rasterization GL_INTEL_performance_query GL_INTEL_shader_atomic_float_minmax GL_INTEL_shader_integer_functions2 GL_KHR_blend_equation_advanced GL_KHR_blend_equation_advanced_coherent GL_KHR_context_flush_control GL_KHR_debug GL_KHR_no_error GL_KHR_parallel_shader_compile GL_KHR_robust_buffer_access_behavior GL_KHR_robustness GL_KHR_texture_compression_astc_ldr GL_KHR_texture_compression_astc_sliced_3d GL_MESA_framebuffer_flip_y GL_MESA_pack_invert GL_MESA_shader_integer_functions GL_MESA_texture_const_bandwidth GL_MESA_texture_signed_rgba GL_NV_alpha_to_coverage_dither_control GL_NV_compute_shader_derivatives GL_NV_conditional_render GL_NV_copy_image GL_NV_depth_clamp GL_NV_fragment_shader_interlock GL_NV_packed_depth_stencil GL_NV_texture_barrier GL_OES_E
GL_image GL_S3_s3tc
OPENGL LOG: Creating OpenGL 4.6 graphics device ; Context level  <OpenGL 4.5> ; Context handle 851620752
Initialize mono
Mono path[0] = '/home/hallzero/Unity/Hub/Editor/2022.3.53f1/Editor/Data/Managed'
Mono path[1] = '/home/hallzero/Unity/Hub/Editor/2022.3.53f1/Editor/Data/MonoBleedingEdge/lib/mono/unityjit-linux'
Mono config path = '/home/hallzero/Unity/Hub/Editor/2022.3.53f1/Editor/Data/MonoBleedingEdge/etc'
Using monoOptions --debugger-agent=transport=dt_socket,embedding=1,server=y,suspend=n,address=127.0.0.1:56297
Begin MonoManager ReloadAssembly
Registering precompiled unity dll's ...
Register platform support module: /home/hallzero/Unity/Hub/Editor/2022.3.53f1/Editor/Data/PlaybackEngines/WebGLSupport/UnityEditor.WebGL.Extensions.dll
Register platform support module: /home/hallzero/Unity/Hub/Editor/2022.3.53f1/Editor/Data/PlaybackEngines/AndroidPlayer/UnityEditor.Android.Extensions.dll
Register platform support module: /home/hallzero/Unity/Hub/Editor/2022.3.53f1/Editor/Data/PlaybackEngines/LinuxStandaloneSupport/UnityEditor.LinuxStandalone.Extensions.dll
Registered in 0.011420 seconds.
- Loaded All Assemblies, in  0.721 seconds
Native extension for LinuxStandalone target not found
Native extension for Android target not found
Android Extension - Scanning For ADB Devices 259 ms
Native extension for WebGL target not found
Mono: successfully reloaded assembly
- Finished resetting the current domain, in  0.601 seconds
Domain Reload Profiling: 1323ms
	BeginReloadAssembly (422ms)
		ExecutionOrderSort (0ms)
		DisableScriptedObjects (0ms)
		BackupInstance (0ms)
		ReleaseScriptingObjects (0ms)
		CreateAndSetChildDomain (1ms)
	RebuildCommonClasses (41ms)
	RebuildNativeTypeToScriptingClass (8ms)
	initialDomainReloadingComplete (72ms)
	LoadAllAssembliesAndSetupDomain (177ms)
		LoadAssemblies (423ms)
		RebuildTransferFunctionScriptingTraits (0ms)
		AnalyzeDomain (173ms)
			TypeCache.Refresh (172ms)
				TypeCache.ScanAssembly (155ms)
			ScanForSourceGeneratedMonoScriptInfo (0ms)
			ResolveRequiredComponents (0ms)
	FinalizeReload (602ms)
		ReleaseScriptCaches (0ms)
		RebuildScriptCaches (0ms)
		SetupLoadedEditorAssemblies (547ms)
			LogAssemblyErrors (0ms)
			InitializePlatformSupportModulesInManaged (357ms)
			SetLoadedEditorAssemblies (5ms)
			RefreshPlugins (0ms)
			BeforeProcessingInitializeOnLoad (3ms)
			ProcessInitializeOnLoadAttributes (131ms)
			ProcessInitializeOnLoadMethodAttributes (52ms)
			AfterProcessingInitializeOnLoad (0ms)
			EditorAssembliesLoaded (0ms)
		ExecutionOrderSort2 (0ms)
		AwakeInstancesAfterBackupRestoration (0ms)
========================================================================
Worker process is ready to serve import requests
Caller must complete domain reload
Begin MonoManager ReloadAssembly
- Loaded All Assemblies, in  1.757 seconds
Native extension for LinuxStandalone target not found
Native extension for Android target not found
Native extension for WebGL target not found
Package Manager log level set to [2]
[Package Manager] Server::EnsureServerProcessIsRunning -- launch failed, reason: Unity was launched with the -noUpm command-line argument
[Package Manager] UpmClient::Send -- Unable to send message (not connected to UPM process).
[Package Manager] Cannot connect to Unity Package Manager local server
[Package Manager] Server::EnsureServerProcessIsRunning -- launch failed, reason: Unity was launched with the -noUpm command-line argument
[Package Manager] UpmClient::Send -- Unable to send message (not connected to UPM process).
[Package Manager] Cannot connect to Unity Package Manager local server
Mono: successfully reloaded assembly
[Package Manager] Server::EnsureServerProcessIsRunning -- launch failed, reason: Unity was launched with the -noUpm command-line argument
[Package Manager] UpmClient::Send -- Unable to send message (not connected to UPM process).
[Package Manager] Cannot connect to Unity Package Manager local server
[Package Manager] Server::EnsureServerProcessIsRunning -- launch failed, reason: Unity was launched with the -noUpm command-line argument
[Package Manager] UpmClient::Send -- Unable to send message (not connected to UPM process).
[Package Manager] Cannot connect to Unity Package Manager local server
- Finished resetting the current domain, in  1.153 seconds
Domain Reload Profiling: 2907ms
	BeginReloadAssembly (157ms)
		ExecutionOrderSort (0ms)
		DisableScriptedObjects (6ms)
		BackupInstance (0ms)
		ReleaseScriptingObjects (0ms)
		CreateAndSetChildDomain (27ms)
	RebuildCommonClasses (34ms)
	RebuildNativeTypeToScriptingClass (7ms)
	initialDomainReloadingComplete (47ms)
	LoadAllAssembliesAndSetupDomain (1508ms)
		LoadAssemblies (1151ms)
		RebuildTransferFunctionScriptingTraits (0ms)
		AnalyzeDomain (445ms)
			TypeCache.Refresh (404ms)
				TypeCache.ScanAssembly (380ms)
			ScanForSourceGeneratedMonoScriptInfo (32ms)
			ResolveRequiredComponents (8ms)
	FinalizeReload (1153ms)
		ReleaseScriptCaches (0ms)
		RebuildScriptCaches (0ms)
		SetupLoadedEditorAssemblies (921ms)
			LogAssemblyErrors (0ms)
			InitializePlatformSupportModulesInManaged (32ms)
			SetLoadedEditorAssemblies (7ms)
			RefreshPlugins (0ms)
			BeforeProcessingInitializeOnLoad (113ms)
			ProcessInitializeOnLoadAttributes (642ms)
			ProcessInitializeOnLoadMethodAttributes (120ms)
			AfterProcessingInitializeOnLoad (6ms)
			EditorAssembliesLoaded (0ms)
		ExecutionOrderSort2 (0ms)
		AwakeInstancesAfterBackupRestoration (4ms)
Launched and connected shader compiler UnityShaderCompiler after 0.07 seconds
Refreshing native plugins compatible for Editor in 4.95 ms, found 1 plugins.
Preloading 0 native plugins for Editor in 0.00 ms.
Unloading 5018 Unused Serialized files (Serialized files now loaded: 0)
Unloading 94 unused Assets / (1.4 MB). Loaded Objects now: 5462.
Memory consumption went from 164.9 MB to 163.5 MB.
Total: 8.703365 ms (FindLiveObjects: 0.660139 ms CreateObjectMapping: 0.578440 ms MarkObjects: 5.405757 ms  DeleteObjects: 2.055896 ms)

AssetImportParameters requested are different than current active one (requested -> active):
  custom:scripting/monoscript/fileName/uint3x3.gen.cs: 46f89d8a7f81b6035a7e26991fbc72e8 -> b354ea0e62ee3ca695eba400f73bf8a2
  custom:scripting/monoscript/fileName/double4.gen.cs: b43680ff2b317f0fe763ec2a9290cc4d -> c861322ff5ab8c01e3e4b508791cf124
  custom:scripting/monoscript/fileName/rigid_transform.cs: d545dec909ae361cd40bcedcc9499d93 -> 36bbdd985ffacdf5ee0745cfd3a1f08d
  custom:scripting/monoscript/fileName/PropertyAttributes.cs: 06c93b729a6fbfd605aedc09fb6acd2e -> f9be6ff8022c2b7e9364b782f234d192
  custom:scripting/monoscript/fileName/uint4x4.gen.cs: 4b02c6eee0f00ce1a388bc44dd5ccc7c -> 7732c53bd697b7eb03dd735297da0fc1
  custom:container-demuxer-ogg: 62fdf1f143b41e24485cea50d1cbac27 -> 
  custom:scripting/monoscript/fileName/int2.gen.cs: 7d7139da21249719b860c4fd6fa5b14f -> ba08380188673eb89fbe6c63125635e5
  custom:scripting/monoscript/fileName/int4.gen.cs: 6fd7c2be80cf8c29505f41dfd239b1ae -> 6202c51352f8408238811f81cf17884b
  custom:scripting/monoscript/fileName/noise3D.cs: 910f0614e94a5348f941ea0d56b2c568 -> 2eb29bf877494e27d7b8d68303a33727
  custom:scripting/monoscript/fileName/float4x2.gen.cs: 05588d3fca2e28a31b6264c026dcf338 -> a70cf4e9d29e9357ba0e68d3ee43ce34
  custom:scripting/monoscript/fileName/half3.gen.cs: 5d046df99f0d37f450cb3ea068ad7762 -> 935b3c49f9c5126f28352e4a48406e0a
  custom:scripting/monoscript/fileName/uint2x4.gen.cs: 3caae4a623bddfadce4b73c36541ab39 -> 817d68c720fa6aa9b67a61d7c1b206d0
  custom:video-decoder-ogg-theora: a1e56fd34408186e4bbccfd4996cb3dc -> 
  custom:scripting/monoscript/fileName/bool4.gen.cs: 89d5db5b25176f8ce2b31291a8fcf567 -> ca7c0171e1585aef1c2900b66db0977a
  custom:scripting/monoscript/fileName/float4x3.gen.cs: 5e75d4a49b27c7bfdc5d24ca328726c6 -> 82da2e74a1c9948cc673acd7425c23e5
  custom:scripting/monoscript/fileName/float3x4.gen.cs: e028949e7cd389a54d6b8ef7c0e4a804 -> f425eda36f0a9a6a9785ce693ab31c65
  custom:scripting/monoscript/fileName/bool4x4.gen.cs: 50a6831c58ef3836ae8715535acd4a4c -> 832d1ba72f52e457d65ecd6ca1ba2b2e
  custom:scripting/monoscript/fileName/math_unity_conversion.cs: a14c20536b1fc0611d8629220aec8be2 -> 717272b42fdbca1935830b3071b2da3c
  custom:scripting/monoscript/fileName/double3x3.gen.cs: a1e2af8139fc0e717165cdc2c522e14d -> cf2bca4cc9e8b93d47929417a1a999f7
  custom:scripting/monoscript/fileName/double3x2.gen.cs: 46c3fc0f20bf244200b61fe88bd5c16a -> 87fbe5b4a5a90e3c915d83933bb7a691
  custom:scripting/monoscript/fileName/bool3x2.gen.cs: 7f2024bb8e107c3b85f93e6847f677c0 -> 6ad67e842e9f001f4905675e041c0394
  custom:scripting/monoscript/fileName/half2.gen.cs: 7816131b273dfbe62c7a27c74161c262 -> a6f90a50ab057fcfbb93f80dff9467ec
  custom:scripting/monoscript/fileName/Il2CppEagerStaticClassConstructionAttribute.cs: bfb9943dc4234f8038240348dd8c0237 -> 5ae90a36296d2fe83dd98e9361e907e8
  custom:scripting/monoscript/fileName/cellular2x2.cs: 910f0614e94a5348f941ea0d56b2c568 -> 2eb29bf877494e27d7b8d68303a33727
  custom:scripting/monoscript/fileName/half.cs: d66ca18b1c3237e0e12e183e1878dc38 -> cf3f2b0bcee127ccdac6d87167bcc406
  custom:scripting/monoscript/fileName/noise3Dgrad.cs: 910f0614e94a5348f941ea0d56b2c568 -> 2eb29bf877494e27d7b8d68303a33727
  custom:scripting/monoscript/fileName/bool4x2.gen.cs: 586d6e84a82661c406c0747e29931ce1 -> 5e92d30f937bc7e4e4a07b2b81c06b27
  custom:scripting/monoscript/fileName/Plane.cs: 3532535f4b1df91958f84b167521e9b3 -> 0cc01f9aed13d0d55e699d5e703758d6
  custom:CustomObjectIndexerAttribute: 232f87dd983dbecb2a4e21e08eb2cef8 -> 
  custom:scripting/monoscript/fileName/classicnoise3D.cs: 910f0614e94a5348f941ea0d56b2c568 -> 2eb29bf877494e27d7b8d68303a33727
  custom:scripting/monoscript/fileName/MinMaxAABB.cs: 99b6b3f339a5e250751ae4f780607d7a -> 87e440667b74c17b186d7505988d93e6
  custom:scripting/monoscript/fileName/double2x2.gen.cs: 1175e86c851890dc199d0e88708ffccb -> 1b24b88380b01d73274245c8a3f891ca
  custom:scripting/monoscript/fileName/float2x2.gen.cs: 43554c150c14083eb2313acaa2e78aeb -> f203c6ed52cbda2033cd1859a76ab02f
  custom:container-demuxer-webm: 4f35f7cbe854078d1ac9338744f61a02 -> 
  custom:scripting/monoscript/fileName/bool2x4.gen.cs: 43766066d40cfe4ff0038faa3bf06406 -> 0202187d1d97b3838c3acec749a94370
  custom:scripting/monoscript/fileName/uint2x3.gen.cs: a0bafa71da357e9ffdf41329e0e0b8ab -> dc149d5147f76ef2e3b7b3e87df71cde
  custom:scripting/monoscript/fileName/classicnoise4D.cs: 910f0614e94a5348f941ea0d56b2c568 -> 2eb29bf877494e27d7b8d68303a33727
  custom:scripting/monoscript/fileName/int4x3.gen.cs: 67f76716aed15a7705ce52ae92c6a128 -> 8504016f71ab8b36158b7cb8a5461a8b
  custom:scripting/monoscript/fileName/classicnoise2D.cs: 910f0614e94a5348f941ea0d56b2c568 -> 2eb29bf877494e27d7b8d68303a33727
  custom:scripting/monoscript/fileName/MatrixDrawer.cs: 8db100ecc54d49584518b132374bd945 -> 54f407ec7134aa445531b0da7f5e0ded
  custom:scripting/monoscript/fileName/float2x4.gen.cs: 14bf825e2338394967d25657f23195c2 -> 8f6e3792d53a47d3e0816efd26cbabde
  custom:scripting/monoscript/fileName/matrix.gen.cs: 1fc7e9a9978c6bc6327a2ef3562b3b82 -> 8040951fec6b586df3a34908a47f7536
  custom:scripting/monoscript/fileName/PostNormalizedVectorDrawer.cs: bcc5a130e288cb1ea7e6214244bd90aa -> 1e9cc5a1d5ea64a4691d9edff2f31467
  custom:scripting/monoscript/fileName/int2x4.gen.cs: 19df88eae659245962107924a4f8beb4 -> 5edaa4c8e18b723d836f4e66d7a2ad24
  custom:scripting/monoscript/fileName/double2.gen.cs: 6d6f846a6947f4edc6c86aae983cab7a -> 9fcc709faf542a3c28101e289489d3c3
  custom:scripting/monoscript/fileName/bool2x2.gen.cs: 9f5ba9e667296230e5a7dd8098d86f1e -> 4649c574bdda23c59b5d49d1b662bc61
  custom:scripting/monoscript/fileName/uint3x2.gen.cs: cb5adb59636d29fe64c2a59690629fe9 -> e9ed99b7eae876425b9236af5d545e3a
  custom:scripting/monoscript/fileName/int2x2.gen.cs: b89550457ed493745cf779e29d833419 -> 63739a46f5092b211c341383068e9d3a
  custom:scripting/monoscript/fileName/uint3.gen.cs: 07250d494d70da63323c03829a109a7b -> 2439c557987b3f1dafd36143ddfb8c40
  custom:scripting/monoscript/fileName/double4x4.gen.cs: c712f0479a2da80505c5f34004582140 -> d67599d4a9300cb241e4695cd70324ae
  custom:container-muxer-webm: aa71ff27fc2769a1b78a27578f13a17b -> 
  custom:scripting/monoscript/fileName/bool2x3.gen.cs: a73639df76ec913064f3ac91f58b98c5 -> c45708c9bd53a8b7f658164314a10c61
  custom:scripting/monoscript/fileName/math.cs: 84897ebc80325b58465d1a856e47c89e -> a047924d946a4a0ad272fa60e1f62976
  custom:scripting/monoscript/fileName/double4x3.gen.cs: d5e192211e239db73c016b47e641c333 -> 0f480b77cbe2235a6a07fec4a8104303
  custom:video-decoder-webm-vp8: 9c59270c3fd7afecdb556c50c9e8de78 -> 
  custom:scripting/monoscript/fileName/float3.gen.cs: d2a3af208755cfe0205a5add4cbf782b -> 61e461104f30d07064c299c5ac2c9a3e
  custom:scripting/monoscript/fileName/int3.gen.cs: 9e9f576d507fb3936c89b523e378eb23 -> f3e7aece5ea81aaaacfae8f3b0dbf645
  custom:scripting/monoscript/fileName/int3x3.gen.cs: 8da9d8d1067461c55dbf4fa0f6b692cf -> dc1405f0f1704a2ec1efb4946b5d5f85
  custom:scripting/monoscript/fileName/quaternion.cs: 7189ca19bff9611f6da0aa0a9c59bf0b -> 0762c6482396ed4f34408952c0956647
  custom:scripting/monoscript/fileName/int4x4.gen.cs: 0e76084ebee4c8312f336ff84d58a04c -> e1c5029dddb71a1513ebdf470db7528e
  custom:scripting/monoscript/fileName/float4x4.gen.cs: cccf3207dd639016e8d0fc5b940ce646 -> a5bb36679a244217e37dd9fb5d3d2ed4
  custom:SearchIndexIgnoredProperties: e643bd26f0fe6173181afceb89e7c659 -> 
  custom:scripting/monoscript/fileName/double3x4.gen.cs: d966fefecbb21e1878e781b6e6eb9bc1 -> d3f6959e28d6480d7d5313a2c890e5a1
  custom:scripting/monoscript/fileName/bool4x3.gen.cs: fe90c06e5cec5b26385f16e64919351e -> 3b9b4adbcec8eec926ee3ca5bd1a9e49
  custom:AudioImporter_EditorPlatform: 2f0ff77a95e0ac474e3e8eeba4e2f7cb -> 
  custom:scripting/monoscript/fileName/half4.gen.cs: 0f1fcad15aa401d00bc4590770c4f62b -> abea9356568c8480c38dd790db58969d
  custom:scripting/monoscript/fileName/uint4x3.gen.cs: 5c842eaf04659601d64e86e873d2dc4b -> b01c5cd7a56bd5c67682617427bf7881
  custom:scripting/monoscript/fileName/noise2D.cs: 910f0614e94a5348f941ea0d56b2c568 -> 2eb29bf877494e27d7b8d68303a33727
  custom:scripting/monoscript/fileName/bool2.gen.cs: 861fe78322050118fc595dc4284cae94 -> 26e96b66e2dc8fbd46eb4ce6284c510a
  custom:scripting/monoscript/fileName/bool3.gen.cs: f73cc99fcfd3d7b311d94017869f72e0 -> 5af2629b3ff9dbb3bbfcc70064a35529
  custom:scripting/monoscript/fileName/uint4x2.gen.cs: e8b292c670996f99dc647f630b2d028d -> b7591412c0d582e5dffe67f85a90dd0a
  custom:scripting/monoscript/fileName/int3x2.gen.cs: 3102a78c1d8b0f67c6797c0bf649d991 -> 3713def57441460b7d8181bf2ebb068b
  custom:scripting/monoscript/fileName/random.cs: 9095e89a9c9a9233dfc5faa4dc75c33b -> 773187f16d25a3763332e4d0e08067fb
  custom:scripting/monoscript/fileName/float4.gen.cs: a5929fc9c81f37a217f61110104af506 -> b782c632ec38515e69077afe722e950b
  custom:scripting/monoscript/fileName/uint3x4.gen.cs: 810549df666bfc264109dae029c3ad17 -> 85b37160b72ca5d09aa390a0ed4ac5d3
  custom:scripting/monoscript/fileName/float3x2.gen.cs: 545e8762f0e28e5bb1be1c472fa039dd -> c82cdc670988a624afef0b4a59da9960
  custom:scripting/monoscript/fileName/int4x2.gen.cs: 06de189ab87954f032d6395001af7bcc -> 03019ae5b6ae2c22f6bcc41f109a6f3f
  custom:scripting/monoscript/fileName/double3.gen.cs: 5154079fb312071cf35601a361004703 -> 377c7acd7948bf71aea5d8cf8236ee9b
  custom:scripting/monoscript/fileName/uint2.gen.cs: 16c687047be4a3d9d18671b7f1514a8d -> f442e48493395c3c057fa324c1ed7700
  custom:scripting/monoscript/fileName/float2x3.gen.cs: f18325e6146a706cc21256589a35acb7 -> dd8be2164b904b64628efafb474868f4
  custom:scripting/monoscript/fileName/cellular2x2x2.cs: 910f0614e94a5348f941ea0d56b2c568 -> 2eb29bf877494e27d7b8d68303a33727
  custom:scripting/monoscript/fileName/matrix.cs: 3c89deedfaaffcc017fba2cf913f12ee -> 17bd875ecbf69296bc7f1415237b5bf7
  custom:video-encoder-webm-vp8: eb34c28f22e8b96e1ab97ce403110664 -> 
  custom:scripting/monoscript/fileName/cellular3D.cs: 910f0614e94a5348f941ea0d56b2c568 -> 2eb29bf877494e27d7b8d68303a33727
  custom:scripting/monoscript/fileName/bool3x4.gen.cs: 42c7ba8bd569aafe7a1ccd38b69ca362 -> dd64119ecce8747c9d345fc62ed63bff
  custom:audio-decoder-ogg-vorbis: bf7c407c2cedff20999df2af8eb42d56 -> 
  custom:scripting/monoscript/fileName/int2x3.gen.cs: 19a71af308909120a7ea6452646e4208 -> 377af658550da76bc0efa7c5a755eb90
  custom:scripting/monoscript/fileName/double2x4.gen.cs: a9aedae31eab942a01dd81f5ba23ebf4 -> 685c5fa921181be1c5c2624181389ad3
  custom:scripting/monoscript/fileName/uint4.gen.cs: 51a7f5c759ac89d78a4704a138bbec45 -> 39973cd09553f87c6828ba478621c98d
  custom:scripting/monoscript/fileName/cellular2D.cs: 910f0614e94a5348f941ea0d56b2c568 -> 2eb29bf877494e27d7b8d68303a33727
  custom:scripting/monoscript/fileName/double2x3.gen.cs: ac0d6fc940b41f658b24853cf23739e5 -> 2fbeb18c538397a8260f5c41cab0741e
  custom:scripting/monoscript/fileName/int3x4.gen.cs: a41355fd8e3f2df0223626fb4f0b3908 -> 8460bfcadb3ac350c26daa6b9595294c
  custom:scripting/monoscript/fileName/noise4D.cs: 910f0614e94a5348f941ea0d56b2c568 -> 2eb29bf877494e27d7b8d68303a33727
  custom:scripting/monoscript/fileName/psrdnoise2D.cs: 910f0614e94a5348f941ea0d56b2c568 -> 2eb29bf877494e27d7b8d68303a33727
  custom:scripting/monoscript/fileName/QuaternionDrawer.cs: 3e16f8b999b15ff8f3cb65c56d92372c -> 11323f18a038f5e869f0b55e53c54a31
  custom:scripting/monoscript/fileName/common.cs: 910f0614e94a5348f941ea0d56b2c568 -> 2eb29bf877494e27d7b8d68303a33727
  custom:audio-encoder-webm-vorbis: bf7c407c2cedff20999df2af8eb42d56 -> 
  custom:scripting/monoscript/fileName/uint2x2.gen.cs: 34db4f212de91eba69f70b6af2f41d23 -> ef58eafb69337704525106c30b2f9c86
  custom:scripting/monoscript/fileName/float3x3.gen.cs: 7de503ab17ef781383880adc785d106c -> 48f350102ac697de2455487383306e62
  custom:scripting/monoscript/fileName/float2.gen.cs: ccda4318c59b6be9ac0ec9d903bd32eb -> 6120954cdb3e1af6bb1e798ca56424e4
  custom:scripting/monoscript/fileName/bool3x3.gen.cs: 754b61059993a0b49e4b0f1336d4eca5 -> f3dd982fcc1d0b33ec635c43c306a1b8
  custom:scripting/monoscript/fileName/double4x2.gen.cs: 84122ae38bb713fba1bd132464694529 -> 530f8410a1ca9a96d8c16e723573cfae
  custom:scripting/monoscript/fileName/PrimitiveVectorDrawer.cs: 29686ab5ff7580200bc34657b1e09832 -> 3e4cc385215599322653e09117c642ee
========================================================================
Received Import Request.
  Time since last request: 5049.627726 seconds.
  path: Assets/Models/furry_2b_nier_automata_free/scene.bin
  artifactKey: Guid(34fd65e7b08df5b11b4cde66b7551bdc) Importer(815301076,1909f56bfc062723c751e8b465ee728b)
Start importing Assets/Models/furry_2b_nier_automata_free/scene.bin using Guid(34fd65e7b08df5b11b4cde66b7551bdc) Importer(815301076,1909f56bfc062723c751e8b465ee728b) [PhysX] Initialized MultithreadedTaskDispatcher with 8 workers.
 -> (artifact id: 'd657ea503b6061db98658a100cacc075') in 0.012139 seconds
Number of updated asset objects reloaded before import = 0
Number of asset objects unloaded after import = 1
========================================================================
Received Prepare
Refreshing native plugins compatible for Editor in 7.84 ms, found 1 plugins.
Preloading 0 native plugins for Editor in 0.00 ms.
Unloading 6 Unused Serialized files (Serialized files now loaded: 0)
Unloading 7 unused Assets / (1.3 MB). Loaded Objects now: 5463.
Memory consumption went from 81.0 MB to 79.6 MB.
Total: 47.236564 ms (FindLiveObjects: 0.603467 ms CreateObjectMapping: 0.311582 ms MarkObjects: 45.601964 ms  DeleteObjects: 0.718251 ms)

Prepare: number of updated asset objects reloaded= 0
AssetImportParameters requested are different than current active one (requested -> active):
  custom:scripting/monoscript/fileName/uint3x3.gen.cs: 46f89d8a7f81b6035a7e26991fbc72e8 -> b354ea0e62ee3ca695eba400f73bf8a2
  custom:scripting/monoscript/fileName/double4.gen.cs: b43680ff2b317f0fe763ec2a9290cc4d -> c861322ff5ab8c01e3e4b508791cf124
  custom:scripting/monoscript/fileName/rigid_transform.cs: d545dec909ae361cd40bcedcc9499d93 -> 36bbdd985ffacdf5ee0745cfd3a1f08d
  custom:scripting/monoscript/fileName/PropertyAttributes.cs: 06c93b729a6fbfd605aedc09fb6acd2e -> f9be6ff8022c2b7e9364b782f234d192
  custom:scripting/monoscript/fileName/uint4x4.gen.cs: 4b02c6eee0f00ce1a388bc44dd5ccc7c -> 7732c53bd697b7eb03dd735297da0fc1
  custom:container-demuxer-ogg: 62fdf1f143b41e24485cea50d1cbac27 -> 
  custom:scripting/monoscript/fileName/int2.gen.cs: 7d7139da21249719b860c4fd6fa5b14f -> ba08380188673eb89fbe6c63125635e5
  custom:scripting/monoscript/fileName/int4.gen.cs: 6fd7c2be80cf8c29505f41dfd239b1ae -> 6202c51352f8408238811f81cf17884b
  custom:scripting/monoscript/fileName/noise3D.cs: 910f0614e94a5348f941ea0d56b2c568 -> 2eb29bf877494e27d7b8d68303a33727
  custom:scripting/monoscript/fileName/float4x2.gen.cs: 05588d3fca2e28a31b6264c026dcf338 -> a70cf4e9d29e9357ba0e68d3ee43ce34
  custom:scripting/monoscript/fileName/half3.gen.cs: 5d046df99f0d37f450cb3ea068ad7762 -> 935b3c49f9c5126f28352e4a48406e0a
  custom:scripting/monoscript/fileName/uint2x4.gen.cs: 3caae4a623bddfadce4b73c36541ab39 -> 817d68c720fa6aa9b67a61d7c1b206d0
  custom:video-decoder-ogg-theora: a1e56fd34408186e4bbccfd4996cb3dc -> 
  custom:scripting/monoscript/fileName/bool4.gen.cs: 89d5db5b25176f8ce2b31291a8fcf567 -> ca7c0171e1585aef1c2900b66db0977a
  custom:scripting/monoscript/fileName/float4x3.gen.cs: 5e75d4a49b27c7bfdc5d24ca328726c6 -> 82da2e74a1c9948cc673acd7425c23e5
  custom:scripting/monoscript/fileName/float3x4.gen.cs: e028949e7cd389a54d6b8ef7c0e4a804 -> f425eda36f0a9a6a9785ce693ab31c65
  custom:scripting/monoscript/fileName/bool4x4.gen.cs: 50a6831c58ef3836ae8715535acd4a4c -> 832d1ba72f52e457d65ecd6ca1ba2b2e
  custom:scripting/monoscript/fileName/math_unity_conversion.cs: a14c20536b1fc0611d8629220aec8be2 -> 717272b42fdbca1935830b3071b2da3c
  custom:scripting/monoscript/fileName/double3x3.gen.cs: a1e2af8139fc0e717165cdc2c522e14d -> cf2bca4cc9e8b93d47929417a1a999f7
  custom:scripting/monoscript/fileName/double3x2.gen.cs: 46c3fc0f20bf244200b61fe88bd5c16a -> 87fbe5b4a5a90e3c915d83933bb7a691
  custom:scripting/monoscript/fileName/bool3x2.gen.cs: 7f2024bb8e107c3b85f93e6847f677c0 -> 6ad67e842e9f001f4905675e041c0394
  custom:scripting/monoscript/fileName/half2.gen.cs: 7816131b273dfbe62c7a27c74161c262 -> a6f90a50ab057fcfbb93f80dff9467ec
  custom:scripting/monoscript/fileName/Il2CppEagerStaticClassConstructionAttribute.cs: bfb9943dc4234f8038240348dd8c0237 -> 5ae90a36296d2fe83dd98e9361e907e8
  custom:scripting/monoscript/fileName/cellular2x2.cs: 910f0614e94a5348f941ea0d56b2c568 -> 2eb29bf877494e27d7b8d68303a33727
  custom:scripting/monoscript/fileName/half.cs: d66ca18b1c3237e0e12e183e1878dc38 -> cf3f2b0bcee127ccdac6d87167bcc406
  custom:scripting/monoscript/fileName/noise3Dgrad.cs: 910f0614e94a5348f941ea0d56b2c568 -> 2eb29bf877494e27d7b8d68303a33727
  custom:scripting/monoscript/fileName/bool4x2.gen.cs: 586d6e84a82661c406c0747e29931ce1 -> 5e92d30f937bc7e4e4a07b2b81c06b27
  custom:scripting/monoscript/fileName/Plane.cs: 3532535f4b1df91958f84b167521e9b3 -> 0cc01f9aed13d0d55e699d5e703758d6
  custom:CustomObjectIndexerAttribute: 232f87dd983dbecb2a4e21e08eb2cef8 -> 
  custom:scripting/monoscript/fileName/classicnoise3D.cs: 910f0614e94a5348f941ea0d56b2c568 -> 2eb29bf877494e27d7b8d68303a33727
  custom:scripting/monoscript/fileName/MinMaxAABB.cs: 99b6b3f339a5e250751ae4f780607d7a -> 87e440667b74c17b186d7505988d93e6
  custom:scripting/monoscript/fileName/double2x2.gen.cs: 1175e86c851890dc199d0e88708ffccb -> 1b24b88380b01d73274245c8a3f891ca
  custom:scripting/monoscript/fileName/float2x2.gen.cs: 43554c150c14083eb2313acaa2e78aeb -> f203c6ed52cbda2033cd1859a76ab02f
  custom:container-demuxer-webm: 4f35f7cbe854078d1ac9338744f61a02 -> 
  custom:scripting/monoscript/fileName/bool2x4.gen.cs: 43766066d40cfe4ff0038faa3bf06406 -> 0202187d1d97b3838c3acec749a94370
  custom:scripting/monoscript/fileName/uint2x3.gen.cs: a0bafa71da357e9ffdf41329e0e0b8ab -> dc149d5147f76ef2e3b7b3e87df71cde
  custom:scripting/monoscript/fileName/classicnoise4D.cs: 910f0614e94a5348f941ea0d56b2c568 -> 2eb29bf877494e27d7b8d68303a33727
  custom:scripting/monoscript/fileName/int4x3.gen.cs: 67f76716aed15a7705ce52ae92c6a128 -> 8504016f71ab8b36158b7cb8a5461a8b
  custom:scripting/monoscript/fileName/classicnoise2D.cs: 910f0614e94a5348f941ea0d56b2c568 -> 2eb29bf877494e27d7b8d68303a33727
  custom:scripting/monoscript/fileName/MatrixDrawer.cs: 8db100ecc54d49584518b132374bd945 -> 54f407ec7134aa445531b0da7f5e0ded
  custom:scripting/monoscript/fileName/float2x4.gen.cs: 14bf825e2338394967d25657f23195c2 -> 8f6e3792d53a47d3e0816efd26cbabde
  custom:scripting/monoscript/fileName/matrix.gen.cs: 1fc7e9a9978c6bc6327a2ef3562b3b82 -> 8040951fec6b586df3a34908a47f7536
  custom:scripting/monoscript/fileName/PostNormalizedVectorDrawer.cs: bcc5a130e288cb1ea7e6214244bd90aa -> 1e9cc5a1d5ea64a4691d9edff2f31467
  custom:scripting/monoscript/fileName/int2x4.gen.cs: 19df88eae659245962107924a4f8beb4 -> 5edaa4c8e18b723d836f4e66d7a2ad24
  custom:scripting/monoscript/fileName/double2.gen.cs: 6d6f846a6947f4edc6c86aae983cab7a -> 9fcc709faf542a3c28101e289489d3c3
  custom:scripting/monoscript/fileName/bool2x2.gen.cs: 9f5ba9e667296230e5a7dd8098d86f1e -> 4649c574bdda23c59b5d49d1b662bc61
  custom:scripting/monoscript/fileName/uint3x2.gen.cs: cb5adb59636d29fe64c2a59690629fe9 -> e9ed99b7eae876425b9236af5d545e3a
  custom:scripting/monoscript/fileName/int2x2.gen.cs: b89550457ed493745cf779e29d833419 -> 63739a46f5092b211c341383068e9d3a
  custom:scripting/monoscript/fileName/uint3.gen.cs: 07250d494d70da63323c03829a109a7b -> 2439c557987b3f1dafd36143ddfb8c40
  custom:scripting/monoscript/fileName/double4x4.gen.cs: c712f0479a2da80505c5f34004582140 -> d67599d4a9300cb241e4695cd70324ae
  custom:container-muxer-webm: aa71ff27fc2769a1b78a27578f13a17b -> 
  custom:scripting/monoscript/fileName/bool2x3.gen.cs: a73639df76ec913064f3ac91f58b98c5 -> c45708c9bd53a8b7f658164314a10c61
  custom:scripting/monoscript/fileName/math.cs: 84897ebc80325b58465d1a856e47c89e -> a047924d946a4a0ad272fa60e1f62976
  custom:scripting/monoscript/fileName/double4x3.gen.cs: d5e192211e239db73c016b47e641c333 -> 0f480b77cbe2235a6a07fec4a8104303
  custom:video-decoder-webm-vp8: 9c59270c3fd7afecdb556c50c9e8de78 -> 
  custom:scripting/monoscript/fileName/float3.gen.cs: d2a3af208755cfe0205a5add4cbf782b -> 61e461104f30d07064c299c5ac2c9a3e
  custom:scripting/monoscript/fileName/int3.gen.cs: 9e9f576d507fb3936c89b523e378eb23 -> f3e7aece5ea81aaaacfae8f3b0dbf645
  custom:scripting/monoscript/fileName/int3x3.gen.cs: 8da9d8d1067461c55dbf4fa0f6b692cf -> dc1405f0f1704a2ec1efb4946b5d5f85
  custom:scripting/monoscript/fileName/quaternion.cs: 7189ca19bff9611f6da0aa0a9c59bf0b -> 0762c6482396ed4f34408952c0956647
  custom:scripting/monoscript/fileName/int4x4.gen.cs: 0e76084ebee4c8312f336ff84d58a04c -> e1c5029dddb71a1513ebdf470db7528e
  custom:scripting/monoscript/fileName/float4x4.gen.cs: cccf3207dd639016e8d0fc5b940ce646 -> a5bb36679a244217e37dd9fb5d3d2ed4
  custom:SearchIndexIgnoredProperties: e643bd26f0fe6173181afceb89e7c659 -> 
  custom:scripting/monoscript/fileName/double3x4.gen.cs: d966fefecbb21e1878e781b6e6eb9bc1 -> d3f6959e28d6480d7d5313a2c890e5a1
  custom:scripting/monoscript/fileName/bool4x3.gen.cs: fe90c06e5cec5b26385f16e64919351e -> 3b9b4adbcec8eec926ee3ca5bd1a9e49
  custom:AudioImporter_EditorPlatform: 2f0ff77a95e0ac474e3e8eeba4e2f7cb -> 
  custom:scripting/monoscript/fileName/half4.gen.cs: 0f1fcad15aa401d00bc4590770c4f62b -> abea9356568c8480c38dd790db58969d
  custom:scripting/monoscript/fileName/uint4x3.gen.cs: 5c842eaf04659601d64e86e873d2dc4b -> b01c5cd7a56bd5c67682617427bf7881
  custom:scripting/monoscript/fileName/noise2D.cs: 910f0614e94a5348f941ea0d56b2c568 -> 2eb29bf877494e27d7b8d68303a33727
  custom:scripting/monoscript/fileName/bool2.gen.cs: 861fe78322050118fc595dc4284cae94 -> 26e96b66e2dc8fbd46eb4ce6284c510a
  custom:scripting/monoscript/fileName/bool3.gen.cs: f73cc99fcfd3d7b311d94017869f72e0 -> 5af2629b3ff9dbb3bbfcc70064a35529
  custom:scripting/monoscript/fileName/uint4x2.gen.cs: e8b292c670996f99dc647f630b2d028d -> b7591412c0d582e5dffe67f85a90dd0a
  custom:scripting/monoscript/fileName/int3x2.gen.cs: 3102a78c1d8b0f67c6797c0bf649d991 -> 3713def57441460b7d8181bf2ebb068b
  custom:scripting/monoscript/fileName/random.cs: 9095e89a9c9a9233dfc5faa4dc75c33b -> 773187f16d25a3763332e4d0e08067fb
  custom:scripting/monoscript/fileName/float4.gen.cs: a5929fc9c81f37a217f61110104af506 -> b782c632ec38515e69077afe722e950b
  custom:scripting/monoscript/fileName/uint3x4.gen.cs: 810549df666bfc264109dae029c3ad17 -> 85b37160b72ca5d09aa390a0ed4ac5d3
  custom:scripting/monoscript/fileName/float3x2.gen.cs: 545e8762f0e28e5bb1be1c472fa039dd -> c82cdc670988a624afef0b4a59da9960
  custom:scripting/monoscript/fileName/int4x2.gen.cs: 06de189ab87954f032d6395001af7bcc -> 03019ae5b6ae2c22f6bcc41f109a6f3f
  custom:scripting/monoscript/fileName/double3.gen.cs: 5154079fb312071cf35601a361004703 -> 377c7acd7948bf71aea5d8cf8236ee9b
  custom:scripting/monoscript/fileName/uint2.gen.cs: 16c687047be4a3d9d18671b7f1514a8d -> f442e48493395c3c057fa324c1ed7700
  custom:scripting/monoscript/fileName/float2x3.gen.cs: f18325e6146a706cc21256589a35acb7 -> dd8be2164b904b64628efafb474868f4
  custom:scripting/monoscript/fileName/cellular2x2x2.cs: 910f0614e94a5348f941ea0d56b2c568 -> 2eb29bf877494e27d7b8d68303a33727
  custom:scripting/monoscript/fileName/matrix.cs: 3c89deedfaaffcc017fba2cf913f12ee -> 17bd875ecbf69296bc7f1415237b5bf7
  custom:video-encoder-webm-vp8: eb34c28f22e8b96e1ab97ce403110664 -> 
  custom:scripting/monoscript/fileName/cellular3D.cs: 910f0614e94a5348f941ea0d56b2c568 -> 2eb29bf877494e27d7b8d68303a33727
  custom:scripting/monoscript/fileName/bool3x4.gen.cs: 42c7ba8bd569aafe7a1ccd38b69ca362 -> dd64119ecce8747c9d345fc62ed63bff
  custom:audio-decoder-ogg-vorbis: bf7c407c2cedff20999df2af8eb42d56 -> 
  custom:scripting/monoscript/fileName/int2x3.gen.cs: 19a71af308909120a7ea6452646e4208 -> 377af658550da76bc0efa7c5a755eb90
  custom:scripting/monoscript/fileName/double2x4.gen.cs: a9aedae31eab942a01dd81f5ba23ebf4 -> 685c5fa921181be1c5c2624181389ad3
  custom:scripting/monoscript/fileName/uint4.gen.cs: 51a7f5c759ac89d78a4704a138bbec45 -> 39973cd09553f87c6828ba478621c98d
  custom:scripting/monoscript/fileName/cellular2D.cs: 910f0614e94a5348f941ea0d56b2c568 -> 2eb29bf877494e27d7b8d68303a33727
  custom:scripting/monoscript/fileName/double2x3.gen.cs: ac0d6fc940b41f658b24853cf23739e5 -> 2fbeb18c538397a8260f5c41cab0741e
  custom:scripting/monoscript/fileName/int3x4.gen.cs: a41355fd8e3f2df0223626fb4f0b3908 -> 8460bfcadb3ac350c26daa6b9595294c
  custom:scripting/monoscript/fileName/noise4D.cs: 910f0614e94a5348f941ea0d56b2c568 -> 2eb29bf877494e27d7b8d68303a33727
  custom:scripting/monoscript/fileName/psrdnoise2D.cs: 910f0614e94a5348f941ea0d56b2c568 -> 2eb29bf877494e27d7b8d68303a33727
  custom:scripting/monoscript/fileName/QuaternionDrawer.cs: 3e16f8b999b15ff8f3cb65c56d92372c -> 11323f18a038f5e869f0b55e53c54a31
  custom:scripting/monoscript/fileName/common.cs: 910f0614e94a5348f941ea0d56b2c568 -> 2eb29bf877494e27d7b8d68303a33727
  custom:audio-encoder-webm-vorbis: bf7c407c2cedff20999df2af8eb42d56 -> 
  custom:scripting/monoscript/fileName/uint2x2.gen.cs: 34db4f212de91eba69f70b6af2f41d23 -> ef58eafb69337704525106c30b2f9c86
  custom:scripting/monoscript/fileName/float3x3.gen.cs: 7de503ab17ef781383880adc785d106c -> 48f350102ac697de2455487383306e62
  custom:scripting/monoscript/fileName/float2.gen.cs: ccda4318c59b6be9ac0ec9d903bd32eb -> 6120954cdb3e1af6bb1e798ca56424e4
  custom:scripting/monoscript/fileName/bool3x3.gen.cs: 754b61059993a0b49e4b0f1336d4eca5 -> f3dd982fcc1d0b33ec635c43c306a1b8
  custom:scripting/monoscript/fileName/double4x2.gen.cs: 84122ae38bb713fba1bd132464694529 -> 530f8410a1ca9a96d8c16e723573cfae
  custom:scripting/monoscript/fileName/PrimitiveVectorDrawer.cs: 29686ab5ff7580200bc34657b1e09832 -> 3e4cc385215599322653e09117c642ee
========================================================================
Received Prepare
Refreshing native plugins compatible for Editor in 5.60 ms, found 1 plugins.
Preloading 0 native plugins for Editor in 0.00 ms.
Unloading 7 Unused Serialized files (Serialized files now loaded: 0)
Unloading 7 unused Assets / (1.3 MB). Loaded Objects now: 5463.
Memory consumption went from 81.2 MB to 79.9 MB.
Total: 5.403878 ms (FindLiveObjects: 0.382003 ms CreateObjectMapping: 0.346719 ms MarkObjects: 4.001828 ms  DeleteObjects: 0.671847 ms)

Prepare: number of updated asset objects reloaded= 0
AssetImportParameters requested are different than current active one (requested -> active):
  custom:scripting/monoscript/fileName/uint3x3.gen.cs: 46f89d8a7f81b6035a7e26991fbc72e8 -> b354ea0e62ee3ca695eba400f73bf8a2
  custom:scripting/monoscript/fileName/double4.gen.cs: b43680ff2b317f0fe763ec2a9290cc4d -> c861322ff5ab8c01e3e4b508791cf124
  custom:scripting/monoscript/fileName/rigid_transform.cs: d545dec909ae361cd40bcedcc9499d93 -> 36bbdd985ffacdf5ee0745cfd3a1f08d
  custom:scripting/monoscript/fileName/PropertyAttributes.cs: 06c93b729a6fbfd605aedc09fb6acd2e -> f9be6ff8022c2b7e9364b782f234d192
  custom:scripting/monoscript/fileName/uint4x4.gen.cs: 4b02c6eee0f00ce1a388bc44dd5ccc7c -> 7732c53bd697b7eb03dd735297da0fc1
  custom:container-demuxer-ogg: 62fdf1f143b41e24485cea50d1cbac27 -> 
  custom:scripting/monoscript/fileName/int2.gen.cs: 7d7139da21249719b860c4fd6fa5b14f -> ba08380188673eb89fbe6c63125635e5
  custom:scripting/monoscript/fileName/int4.gen.cs: 6fd7c2be80cf8c29505f41dfd239b1ae -> 6202c51352f8408238811f81cf17884b
  custom:scripting/monoscript/fileName/noise3D.cs: 910f0614e94a5348f941ea0d56b2c568 -> 2eb29bf877494e27d7b8d68303a33727
  custom:scripting/monoscript/fileName/float4x2.gen.cs: 05588d3fca2e28a31b6264c026dcf338 -> a70cf4e9d29e9357ba0e68d3ee43ce34
  custom:scripting/monoscript/fileName/half3.gen.cs: 5d046df99f0d37f450cb3ea068ad7762 -> 935b3c49f9c5126f28352e4a48406e0a
  custom:scripting/monoscript/fileName/uint2x4.gen.cs: 3caae4a623bddfadce4b73c36541ab39 -> 817d68c720fa6aa9b67a61d7c1b206d0
  custom:video-decoder-ogg-theora: a1e56fd34408186e4bbccfd4996cb3dc -> 
  custom:scripting/monoscript/fileName/bool4.gen.cs: 89d5db5b25176f8ce2b31291a8fcf567 -> ca7c0171e1585aef1c2900b66db0977a
  custom:scripting/monoscript/fileName/float4x3.gen.cs: 5e75d4a49b27c7bfdc5d24ca328726c6 -> 82da2e74a1c9948cc673acd7425c23e5
  custom:scripting/monoscript/fileName/float3x4.gen.cs: e028949e7cd389a54d6b8ef7c0e4a804 -> f425eda36f0a9a6a9785ce693ab31c65
  custom:scripting/monoscript/fileName/bool4x4.gen.cs: 50a6831c58ef3836ae8715535acd4a4c -> 832d1ba72f52e457d65ecd6ca1ba2b2e
  custom:scripting/monoscript/fileName/math_unity_conversion.cs: a14c20536b1fc0611d8629220aec8be2 -> 717272b42fdbca1935830b3071b2da3c
  custom:scripting/monoscript/fileName/double3x3.gen.cs: a1e2af8139fc0e717165cdc2c522e14d -> cf2bca4cc9e8b93d47929417a1a999f7
  custom:scripting/monoscript/fileName/double3x2.gen.cs: 46c3fc0f20bf244200b61fe88bd5c16a -> 87fbe5b4a5a90e3c915d83933bb7a691
  custom:scripting/monoscript/fileName/bool3x2.gen.cs: 7f2024bb8e107c3b85f93e6847f677c0 -> 6ad67e842e9f001f4905675e041c0394
  custom:scripting/monoscript/fileName/half2.gen.cs: 7816131b273dfbe62c7a27c74161c262 -> a6f90a50ab057fcfbb93f80dff9467ec
  custom:scripting/monoscript/fileName/Il2CppEagerStaticClassConstructionAttribute.cs: bfb9943dc4234f8038240348dd8c0237 -> 5ae90a36296d2fe83dd98e9361e907e8
  custom:scripting/monoscript/fileName/cellular2x2.cs: 910f0614e94a5348f941ea0d56b2c568 -> 2eb29bf877494e27d7b8d68303a33727
  custom:scripting/monoscript/fileName/half.cs: d66ca18b1c3237e0e12e183e1878dc38 -> cf3f2b0bcee127ccdac6d87167bcc406
  custom:scripting/monoscript/fileName/noise3Dgrad.cs: 910f0614e94a5348f941ea0d56b2c568 -> 2eb29bf877494e27d7b8d68303a33727
  custom:scripting/monoscript/fileName/bool4x2.gen.cs: 586d6e84a82661c406c0747e29931ce1 -> 5e92d30f937bc7e4e4a07b2b81c06b27
  custom:scripting/monoscript/fileName/Plane.cs: 3532535f4b1df91958f84b167521e9b3 -> 0cc01f9aed13d0d55e699d5e703758d6
  custom:CustomObjectIndexerAttribute: 232f87dd983dbecb2a4e21e08eb2cef8 -> 
  custom:scripting/monoscript/fileName/classicnoise3D.cs: 910f0614e94a5348f941ea0d56b2c568 -> 2eb29bf877494e27d7b8d68303a33727
  custom:scripting/monoscript/fileName/MinMaxAABB.cs: 99b6b3f339a5e250751ae4f780607d7a -> 87e440667b74c17b186d7505988d93e6
  custom:scripting/monoscript/fileName/double2x2.gen.cs: 1175e86c851890dc199d0e88708ffccb -> 1b24b88380b01d73274245c8a3f891ca
  custom:scripting/monoscript/fileName/float2x2.gen.cs: 43554c150c14083eb2313acaa2e78aeb -> f203c6ed52cbda2033cd1859a76ab02f
  custom:container-demuxer-webm: 4f35f7cbe854078d1ac9338744f61a02 -> 
  custom:scripting/monoscript/fileName/bool2x4.gen.cs: 43766066d40cfe4ff0038faa3bf06406 -> 0202187d1d97b3838c3acec749a94370
  custom:scripting/monoscript/fileName/uint2x3.gen.cs: a0bafa71da357e9ffdf41329e0e0b8ab -> dc149d5147f76ef2e3b7b3e87df71cde
  custom:scripting/monoscript/fileName/classicnoise4D.cs: 910f0614e94a5348f941ea0d56b2c568 -> 2eb29bf877494e27d7b8d68303a33727
  custom:scripting/monoscript/fileName/int4x3.gen.cs: 67f76716aed15a7705ce52ae92c6a128 -> 8504016f71ab8b36158b7cb8a5461a8b
  custom:scripting/monoscript/fileName/classicnoise2D.cs: 910f0614e94a5348f941ea0d56b2c568 -> 2eb29bf877494e27d7b8d68303a33727
  custom:scripting/monoscript/fileName/MatrixDrawer.cs: 8db100ecc54d49584518b132374bd945 -> 54f407ec7134aa445531b0da7f5e0ded
  custom:scripting/monoscript/fileName/float2x4.gen.cs: 14bf825e2338394967d25657f23195c2 -> 8f6e3792d53a47d3e0816efd26cbabde
  custom:scripting/monoscript/fileName/matrix.gen.cs: 1fc7e9a9978c6bc6327a2ef3562b3b82 -> 8040951fec6b586df3a34908a47f7536
  custom:scripting/monoscript/fileName/PostNormalizedVectorDrawer.cs: bcc5a130e288cb1ea7e6214244bd90aa -> 1e9cc5a1d5ea64a4691d9edff2f31467
  custom:scripting/monoscript/fileName/int2x4.gen.cs: 19df88eae659245962107924a4f8beb4 -> 5edaa4c8e18b723d836f4e66d7a2ad24
  custom:scripting/monoscript/fileName/double2.gen.cs: 6d6f846a6947f4edc6c86aae983cab7a -> 9fcc709faf542a3c28101e289489d3c3
  custom:scripting/monoscript/fileName/bool2x2.gen.cs: 9f5ba9e667296230e5a7dd8098d86f1e -> 4649c574bdda23c59b5d49d1b662bc61
  custom:scripting/monoscript/fileName/uint3x2.gen.cs: cb5adb59636d29fe64c2a59690629fe9 -> e9ed99b7eae876425b9236af5d545e3a
  custom:scripting/monoscript/fileName/int2x2.gen.cs: b89550457ed493745cf779e29d833419 -> 63739a46f5092b211c341383068e9d3a
  custom:scripting/monoscript/fileName/uint3.gen.cs: 07250d494d70da63323c03829a109a7b -> 2439c557987b3f1dafd36143ddfb8c40
  custom:scripting/monoscript/fileName/double4x4.gen.cs: c712f0479a2da80505c5f34004582140 -> d67599d4a9300cb241e4695cd70324ae
  custom:container-muxer-webm: aa71ff27fc2769a1b78a27578f13a17b -> 
  custom:scripting/monoscript/fileName/bool2x3.gen.cs: a73639df76ec913064f3ac91f58b98c5 -> c45708c9bd53a8b7f658164314a10c61
  custom:scripting/monoscript/fileName/math.cs: 84897ebc80325b58465d1a856e47c89e -> a047924d946a4a0ad272fa60e1f62976
  custom:scripting/monoscript/fileName/double4x3.gen.cs: d5e192211e239db73c016b47e641c333 -> 0f480b77cbe2235a6a07fec4a8104303
  custom:video-decoder-webm-vp8: 9c59270c3fd7afecdb556c50c9e8de78 -> 
  custom:scripting/monoscript/fileName/float3.gen.cs: d2a3af208755cfe0205a5add4cbf782b -> 61e461104f30d07064c299c5ac2c9a3e
  custom:scripting/monoscript/fileName/int3.gen.cs: 9e9f576d507fb3936c89b523e378eb23 -> f3e7aece5ea81aaaacfae8f3b0dbf645
  custom:scripting/monoscript/fileName/int3x3.gen.cs: 8da9d8d1067461c55dbf4fa0f6b692cf -> dc1405f0f1704a2ec1efb4946b5d5f85
  custom:scripting/monoscript/fileName/quaternion.cs: 7189ca19bff9611f6da0aa0a9c59bf0b -> 0762c6482396ed4f34408952c0956647
  custom:scripting/monoscript/fileName/int4x4.gen.cs: 0e76084ebee4c8312f336ff84d58a04c -> e1c5029dddb71a1513ebdf470db7528e
  custom:scripting/monoscript/fileName/float4x4.gen.cs: cccf3207dd639016e8d0fc5b940ce646 -> a5bb36679a244217e37dd9fb5d3d2ed4
  custom:SearchIndexIgnoredProperties: e643bd26f0fe6173181afceb89e7c659 -> 
  custom:scripting/monoscript/fileName/double3x4.gen.cs: d966fefecbb21e1878e781b6e6eb9bc1 -> d3f6959e28d6480d7d5313a2c890e5a1
  custom:scripting/monoscript/fileName/bool4x3.gen.cs: fe90c06e5cec5b26385f16e64919351e -> 3b9b4adbcec8eec926ee3ca5bd1a9e49
  custom:AudioImporter_EditorPlatform: 2f0ff77a95e0ac474e3e8eeba4e2f7cb -> 
  custom:scripting/monoscript/fileName/half4.gen.cs: 0f1fcad15aa401d00bc4590770c4f62b -> abea9356568c8480c38dd790db58969d
  custom:scripting/monoscript/fileName/uint4x3.gen.cs: 5c842eaf04659601d64e86e873d2dc4b -> b01c5cd7a56bd5c67682617427bf7881
  custom:scripting/monoscript/fileName/noise2D.cs: 910f0614e94a5348f941ea0d56b2c568 -> 2eb29bf877494e27d7b8d68303a33727
  custom:scripting/monoscript/fileName/bool2.gen.cs: 861fe78322050118fc595dc4284cae94 -> 26e96b66e2dc8fbd46eb4ce6284c510a
  custom:scripting/monoscript/fileName/bool3.gen.cs: f73cc99fcfd3d7b311d94017869f72e0 -> 5af2629b3ff9dbb3bbfcc70064a35529
  custom:scripting/monoscript/fileName/uint4x2.gen.cs: e8b292c670996f99dc647f630b2d028d -> b7591412c0d582e5dffe67f85a90dd0a
  custom:scripting/monoscript/fileName/int3x2.gen.cs: 3102a78c1d8b0f67c6797c0bf649d991 -> 3713def57441460b7d8181bf2ebb068b
  custom:scripting/monoscript/fileName/random.cs: 9095e89a9c9a9233dfc5faa4dc75c33b -> 773187f16d25a3763332e4d0e08067fb
  custom:scripting/monoscript/fileName/float4.gen.cs: a5929fc9c81f37a217f61110104af506 -> b782c632ec38515e69077afe722e950b
  custom:scripting/monoscript/fileName/uint3x4.gen.cs: 810549df666bfc264109dae029c3ad17 -> 85b37160b72ca5d09aa390a0ed4ac5d3
  custom:scripting/monoscript/fileName/float3x2.gen.cs: 545e8762f0e28e5bb1be1c472fa039dd -> c82cdc670988a624afef0b4a59da9960
  custom:scripting/monoscript/fileName/int4x2.gen.cs: 06de189ab87954f032d6395001af7bcc -> 03019ae5b6ae2c22f6bcc41f109a6f3f
  custom:scripting/monoscript/fileName/double3.gen.cs: 5154079fb312071cf35601a361004703 -> 377c7acd7948bf71aea5d8cf8236ee9b
  custom:scripting/monoscript/fileName/uint2.gen.cs: 16c687047be4a3d9d18671b7f1514a8d -> f442e48493395c3c057fa324c1ed7700
  custom:scripting/monoscript/fileName/float2x3.gen.cs: f18325e6146a706cc21256589a35acb7 -> dd8be2164b904b64628efafb474868f4
  custom:scripting/monoscript/fileName/cellular2x2x2.cs: 910f0614e94a5348f941ea0d56b2c568 -> 2eb29bf877494e27d7b8d68303a33727
  custom:scripting/monoscript/fileName/matrix.cs: 3c89deedfaaffcc017fba2cf913f12ee -> 17bd875ecbf69296bc7f1415237b5bf7
  custom:video-encoder-webm-vp8: eb34c28f22e8b96e1ab97ce403110664 -> 
  custom:scripting/monoscript/fileName/cellular3D.cs: 910f0614e94a5348f941ea0d56b2c568 -> 2eb29bf877494e27d7b8d68303a33727
  custom:scripting/monoscript/fileName/bool3x4.gen.cs: 42c7ba8bd569aafe7a1ccd38b69ca362 -> dd64119ecce8747c9d345fc62ed63bff
  custom:audio-decoder-ogg-vorbis: bf7c407c2cedff20999df2af8eb42d56 -> 
  custom:scripting/monoscript/fileName/int2x3.gen.cs: 19a71af308909120a7ea6452646e4208 -> 377af658550da76bc0efa7c5a755eb90
  custom:scripting/monoscript/fileName/double2x4.gen.cs: a9aedae31eab942a01dd81f5ba23ebf4 -> 685c5fa921181be1c5c2624181389ad3
  custom:scripting/monoscript/fileName/uint4.gen.cs: 51a7f5c759ac89d78a4704a138bbec45 -> 39973cd09553f87c6828ba478621c98d
  custom:scripting/monoscript/fileName/cellular2D.cs: 910f0614e94a5348f941ea0d56b2c568 -> 2eb29bf877494e27d7b8d68303a33727
  custom:scripting/monoscript/fileName/double2x3.gen.cs: ac0d6fc940b41f658b24853cf23739e5 -> 2fbeb18c538397a8260f5c41cab0741e
  custom:scripting/monoscript/fileName/int3x4.gen.cs: a41355fd8e3f2df0223626fb4f0b3908 -> 8460bfcadb3ac350c26daa6b9595294c
  custom:scripting/monoscript/fileName/noise4D.cs: 910f0614e94a5348f941ea0d56b2c568 -> 2eb29bf877494e27d7b8d68303a33727
  custom:scripting/monoscript/fileName/psrdnoise2D.cs: 910f0614e94a5348f941ea0d56b2c568 -> 2eb29bf877494e27d7b8d68303a33727
  custom:scripting/monoscript/fileName/QuaternionDrawer.cs: 3e16f8b999b15ff8f3cb65c56d92372c -> 11323f18a038f5e869f0b55e53c54a31
  custom:scripting/monoscript/fileName/common.cs: 910f0614e94a5348f941ea0d56b2c568 -> 2eb29bf877494e27d7b8d68303a33727
  custom:audio-encoder-webm-vorbis: bf7c407c2cedff20999df2af8eb42d56 -> 
  custom:scripting/monoscript/fileName/uint2x2.gen.cs: 34db4f212de91eba69f70b6af2f41d23 -> ef58eafb69337704525106c30b2f9c86
  custom:scripting/monoscript/fileName/float3x3.gen.cs: 7de503ab17ef781383880adc785d106c -> 48f350102ac697de2455487383306e62
  custom:scripting/monoscript/fileName/float2.gen.cs: ccda4318c59b6be9ac0ec9d903bd32eb -> 6120954cdb3e1af6bb1e798ca56424e4
  custom:scripting/monoscript/fileName/bool3x3.gen.cs: 754b61059993a0b49e4b0f1336d4eca5 -> f3dd982fcc1d0b33ec635c43c306a1b8
  custom:scripting/monoscript/fileName/double4x2.gen.cs: 84122ae38bb713fba1bd132464694529 -> 530f8410a1ca9a96d8c16e723573cfae
  custom:scripting/monoscript/fileName/PrimitiveVectorDrawer.cs: 29686ab5ff7580200bc34657b1e09832 -> 3e4cc385215599322653e09117c642ee
========================================================================
Received Prepare
Caller must complete domain reload
Begin MonoManager ReloadAssembly
- Loaded All Assemblies, in  4.859 seconds
The file 'MemoryStream' is corrupted! Remove it and launch unity again!
[Position out of bounds!]
Fatal Error! The file 'MemoryStream' is corrupted! Remove it and launch unity again!
[Position out of bounds!]
Caught fatal signal - signo:6 code:-6 errno:0 addr:0x3e800005ee9
Obtained 43 stack frames.
#0  0x0075ac02045320 in __sigaction
#1  0x0075ac0209eb1c in pthread_kill
#2  0x0075ac0204526e in gsignal
#3  0x0075ac020288ff in abort
#4  0x00653c2fe7ed96 in CrashDontLaunchBugReporter()
#5  0x00653c2f75e4fd in EditorMonoConsole::LogToConsoleImplementation(CppLogEntry&)
#6  0x00653c2f75df8a in EditorMonoConsole::LogToConsoleImplementation(DebugStringToFileData const&)
#7  0x00653c2f75fae8 in LogToConsoleImplementation(DebugStringToFileData const&)
#8  0x00653c30658af8 in DebugStringToFilePostprocessedStacktrace(DebugStringToFileData const&)
#9  0x00653c3065966b in DebugStringToFile(DebugStringToFileData const&)
#10 0x00653c2e893fa7 in CachedReader::OutOfBoundsError(unsigned long, unsigned long)
#11 0x00653c2e894746 in CachedReader::UpdateReadCache(void*, unsigned long)
#12 0x00653c2ec3854a in void Transfer_Blittable<StreamedBinaryRead, false, unsigned char>(SerializationCommandArguments const&, RuntimeSerializationCommandInfo&)
#13 0x00653c2ebcc868 in TransferScriptingObject<StreamedBinaryRead>(StreamedBinaryRead&, ScriptingObjectPtr, ScriptingClassPtr, SerializationCache::Data*&)::{lambda(bool, bool)#1}::operator()(bool, bool) const
#14 0x00653c2ebcc69b in void TransferScriptingObject<StreamedBinaryRead>(StreamedBinaryRead&, ScriptingObjectPtr, ScriptingClassPtr, SerializationCache::Data*&)
#15 0x00653c2ebcc101 in void SerializableManagedRefTransfer::TransferScriptingObjectWithSerializedRefSupport<StreamedBinaryRead>(Object*, SerializableManagedRef&, StreamedBinaryRead&)
#16 0x00653c2ebdcc06 in SerializableManagedRefTransfer::TransferBinaryInstanceOnly(Object*, SerializableManagedRef&, core::vector<unsigned char, 0ul>&, TransferInstructionFlags)
#17 0x00653c2ebdca47 in void SerializableManagedRefTransfer::RestoreBackupImpl<SerializableManagedRefBackupGenerator>(Object*, SerializableManagedRef&, TransferInstructionFlags)
#18 0x00653c2ecbcd3b in SerializableManagedRefsUtilities::RestoreBackups(DomainReloadingData const&)
#19 0x00653c2ebbee53 in MonoManager::FinalizeReload()
#20 0x00653c2ebbd95d in MonoManager::ReloadAssembly(AssemblyLoadReason)
#21 0x00653c2fcc896b in LoadDomainAndUserAssemblies(AssemblyLoadReason)
#22 0x00653c302467ba in WorkerDomainReloadV2()
#23 0x00653c302b3c80 in AssetImportWorkerClient::ReloadMonoDomain(AssetResolver&)
#24 0x00653c302bcbab in core::mutable_function<void ()>::DispatchT<IOService::PostHelper<AssetImportWorkerClient::HandleMessage(PrepareMessage const&)::$_4>(AssetImportWorkerClient::HandleMessage(PrepareMessage const&)::$_4&&, IOService::WrapCallableInFunctionTag)::{lambda()#1}>::Dispatch()
#25 0x00653c302faf74 in asio::detail::completion_handler<core::mutable_function<void ()>, asio::io_context::basic_executor_type<std::allocator<void>, 0u> >::do_complete(void*, asio::detail::scheduler_operation*, std::error_code const&, unsigned long)
#26 0x00653c302dc197 in asio::detail::scheduler::do_run_one(asio::detail::conditionally_enabled_mutex::scoped_lock&, asio::detail::scheduler_thread_info&, std::error_code const&)
#27 0x00653c302dbc91 in asio::detail::scheduler::run(std::error_code&)
#28 0x00653c302e043a in asio::io_context::run()
#29 0x00653c302e03da in IOService::Run(bool)
#30 0x00653c302b0053 in AssetImportWorkerClient::Run()
#31 0x00653c3024c115 in RunAssetImporterV2()
#32 0x00653c2f900434 in Application::InitializeProject()
#33 0x00653c2fe9e68a in InitializeUnity(void*)
#34 0x0075ac05b45522 in g_main_context_check
#35 0x0075ac05b4448e in g_source_query_unix_fd
#36 0x0075ac05ba3717 in g_io_channel_new_file
#37 0x0075ac05b44f77 in g_main_loop_run
#38 0x0075ac025feb45 in gtk_main
#39 0x00653c2fe9de1d in main
#40 0x0075ac0202a1ca in __libc_init_first
#41 0x0075ac0202a28b in __libc_start_main
#42 0x00653c2dee0029 in _start
